This is pdfTeX, Version 3.141592653-2.6-1.40.24 (MiKTeX 22.3) (preloaded format=pdflatex 2022.4.2)  10 APR 2022 22:34
entering extended mode
 restricted \write18 enabled.
 %&-line parsing enabled.
**./AbstractInPortuguese.tex
(AbstractInPortuguese.tex
LaTeX2e <2021-11-15> patch level 1
L3 programming layer <2022-02-24>

! LaTeX Error: Missing \begin{document}.

See the LaTeX manual or LaTeX Companion for explanation.
Type  H <return>  for immediate help.
 ...                                              
                                                  
l.1 \begin{flushleft}
                     
You're in trouble here.  Try typing  <return>  to proceed.
If that doesn't work, type  X <return>  to quit.


Overfull \hbox (20.0pt too wide) in paragraph at lines 1--1
[] 
 []

! Undefined control sequence.
l.3 {\Large
           
The control sequence at the end of the top line
of your error message was never \def'ed. If you have
misspelled it (e.g., `\hobx'), type `I' and the correct
spelling (e.g., `I\hbox'). Otherwise just continue,
and I'll forget about whatever was undefined.


Overfull \hbox (44.76363pt too wide) in paragraph at lines 4--5
\OT1/cmr/bx/n/10 T[]ITULO 
 []


Overfull \hbox (17.45824pt too wide) in paragraph at lines 4--5
\OT1/cmr/bx/n/10 DO 
 []


Overfull \hbox (35.16647pt too wide) in paragraph at lines 4--5
\OT1/cmr/bx/n/10 TEMA 
 []


Overfull \hbox (18.47212pt too wide) in paragraph at lines 4--5
\OT1/cmr/bx/n/10 EM 
 []


Overfull \hbox (78.36067pt too wide) in paragraph at lines 4--5
\OT1/cmr/bx/n/10 MAI[]USCULAS  
 []

! Undefined control sequence.
l.7 {\Large
            SUBTÍTULO DO TEMA (SE APLICÁVEL)}
The control sequence at the end of the top line
of your error message was never \def'ed. If you have
misspelled it (e.g., `\hobx'), type `I' and the correct
spelling (e.g., `I\hbox'). Otherwise just continue,
and I'll forget about whatever was undefined.


Overfull \hbox (59.72235pt too wide) in paragraph at lines 7--8
[]\OT1/cmr/m/n/10 SUBT[]ITULO 
 []


Overfull \hbox (15.4167pt too wide) in paragraph at lines 7--8
\OT1/cmr/m/n/10 DO 
 []


Overfull \hbox (30.6945pt too wide) in paragraph at lines 7--8
\OT1/cmr/m/n/10 TEMA 
 []


Overfull \hbox (16.25005pt too wide) in paragraph at lines 7--8
\OT1/cmr/m/n/10 (SE 
 []


Overfull \hbox (63.33347pt too wide) in paragraph at lines 7--8
\OT1/cmr/m/n/10 APLIC[]AVEL)  
 []


! LaTeX Error: The font size command \normalsize is not defined:
               there is probably something wrong with the class file.

See the LaTeX manual or LaTeX Companion for explanation.
Type  H <return>  for immediate help.
 ...                                              
                                                  
l.9 \normalsize
               
Your command was ignored.
Type  I <command> <return>  to replace it with another command,
or  <return>  to continue without it.

! Undefined control sequence.
l.11 \section
             *{Resumo}
The control sequence at the end of the top line
of your error message was never \def'ed. If you have
misspelled it (e.g., `\hobx'), type `I' and the correct
spelling (e.g., `I\hbox'). Otherwise just continue,
and I'll forget about whatever was undefined.

Missing character: There is no * in font nullfont!
Missing character: There is no R in font nullfont!
Missing character: There is no e in font nullfont!
Missing character: There is no s in font nullfont!
Missing character: There is no u in font nullfont!
Missing character: There is no m in font nullfont!
Missing character: There is no o in font nullfont!

Overfull \hbox (20.0pt too wide) in paragraph at lines 11--12
[] 
 []

Missing character: There is no ( in font nullfont!
Missing character: There is no T in font nullfont!
Missing character: There is no e in font nullfont!
Missing character: There is no x in font nullfont!
Missing character: There is no t in font nullfont!
Missing character: There is no o in font nullfont!
Missing character: There is no d in font nullfont!
Missing character: There is no o in font nullfont!
Missing character: There is no r in font nullfont!
Missing character: There is no e in font nullfont!
Missing character: There is no s in font nullfont!
Missing character: There is no u in font nullfont!
Missing character: There is no m in font nullfont!
Missing character: There is no o in font nullfont!
Missing character: There is no ) in font nullfont!
! Undefined control sequence.
l.14 \lipsum
            [1-2] % Delete this random text function
The control sequence at the end of the top line
of your error message was never \def'ed. If you have
misspelled it (e.g., `\hobx'), type `I' and the correct
spelling (e.g., `I\hbox'). Otherwise just continue,
and I'll forget about whatever was undefined.

Missing character: There is no [ in font nullfont!
Missing character: There is no 1 in font nullfont!
Missing character: There is no - in font nullfont!
Missing character: There is no 2 in font nullfont!
Missing character: There is no ] in font nullfont!

Overfull \hbox (20.0pt too wide) in paragraph at lines 13--15
[]
 []

Missing character: There is no p in font nullfont!
Missing character: There is no a in font nullfont!
Missing character: There is no l in font nullfont!
Missing character: There is no a in font nullfont!
Missing character: There is no v in font nullfont!
Missing character: There is no r in font nullfont!
Missing character: There is no a in font nullfont!
Missing character: There is no 1 in font nullfont!
Missing character: There is no , in font nullfont!
Missing character: There is no p in font nullfont!
Missing character: There is no a in font nullfont!
Missing character: There is no l in font nullfont!
Missing character: There is no a in font nullfont!
Missing character: There is no v in font nullfont!
Missing character: There is no r in font nullfont!
Missing character: There is no a in font nullfont!
Missing character: There is no 2 in font nullfont!
Missing character: There is no , in font nullfont!
Missing character: There is no p in font nullfont!
Missing character: There is no a in font nullfont!
Missing character: There is no l in font nullfont!
Missing character: There is no a in font nullfont!
Missing character: There is no v in font nullfont!
Missing character: There is no r in font nullfont!
Missing character: There is no a in font nullfont!
Missing character: There is no N in font nullfont!
)
! Emergency stop.
<*> ./AbstractInPortuguese.tex
                              
*** (job aborted, no legal \end found)

 
Here is how much of TeX's memory you used:
 25 strings out of 478582
 743 string characters out of 2844345
 288951 words of memory out of 3000000
 18311 multiletter control sequences out of 15000+600000
 469567 words of font info for 29 fonts, out of 8000000 for 9000
 1141 hyphenation exceptions out of 8191
 15i,1n,12p,123b,124s stack positions out of 10000i,1000n,20000p,200000b,80000s
!  ==> Fatal error occurred, no output PDF file produced!
