This is pdfTeX, Version 3.141592653-2.6-1.40.24 (MiKTeX 22.3) (preloaded format=pdflatex 2022.4.2)  10 APR 2022 23:40
entering extended mode
 restricted \write18 enabled.
 %&-line parsing enabled.
**./Dedication.tex
(Dedication.tex
LaTeX2e <2021-11-15> patch level 1
L3 programming layer <2022-02-24>
! Undefined control sequence.
l.2 \section
            {Dedication}
The control sequence at the end of the top line
of your error message was never \def'ed. If you have
misspelled it (e.g., `\hobx'), type `I' and the correct
spelling (e.g., `I\hbox'). Otherwise just continue,
and I'll forget about whatever was undefined.


! LaTeX Error: Missing \begin{document}.

See the LaTeX manual or LaTeX Companion for explanation.
Type  H <return>  for immediate help.
 ...                                              
                                                  
l.2 \section{D
              edication}
You're in trouble here.  Try typing  <return>  to proceed.
If that doesn't work, type  X <return>  to quit.

Missing character: There is no D in font nullfont!
Missing character: There is no e in font nullfont!
Missing character: There is no d in font nullfont!
Missing character: There is no i in font nullfont!
Missing character: There is no c in font nullfont!
Missing character: There is no a in font nullfont!
Missing character: There is no t in font nullfont!
Missing character: There is no i in font nullfont!
Missing character: There is no o in font nullfont!
Missing character: There is no n in font nullfont!

Overfull \hbox (20.0pt too wide) in paragraph at lines 2--3
[] 
 []


! LaTeX Error: Missing \begin{document}.

See the LaTeX manual or LaTeX Companion for explanation.
Type  H <return>  for immediate help.
 ...                                              
                                                  
l.8 \begin{flushright}
                      
You're in trouble here.  Try typing  <return>  to proceed.
If that doesn't work, type  X <return>  to quit.


Overfull \hbox (20.0pt too wide) in paragraph at lines 8--8
[] 
 []


Overfull \hbox (7.66663pt too wide) in paragraph at lines 10--11
 \OT1/cmr/m/it/10 O
 []


Overfull \hbox (24.06094pt too wide) in paragraph at lines 10--11
 \OT1/cmr/m/it/10 Texto
 []


Overfull \hbox (10.22217pt too wide) in paragraph at lines 10--11
 \OT1/cmr/m/it/10 da
 []


Overfull \hbox (17.88875pt too wide) in paragraph at lines 10--11
 \OT1/cmr/m/it/10 ded-
 []


Overfull \hbox (6.6444pt too wide) in paragraph at lines 10--11
 \OT1/cmr/m/it/10 i-
 []


Overfull \hbox (30.02756pt too wide) in paragraph at lines 10--11
 \OT1/cmr/m/it/10 cat^^Soria
 []


Overfull \hbox (17.37766pt too wide) in paragraph at lines 10--11
 \OT1/cmr/m/it/10 vem
 []


Overfull \hbox (18.52763pt too wide) in paragraph at lines 10--11
 \OT1/cmr/m/it/10 para
 []


Overfull \hbox (21.21098pt too wide) in paragraph at lines 10--11
 \OT1/cmr/m/it/10 aqui.
 []

)
! Emergency stop.
<*> ./Dedication.tex
                    
*** (job aborted, no legal \end found)

 
Here is how much of TeX's memory you used:
 22 strings out of 478582
 666 string characters out of 2844345
 288951 words of memory out of 3000000
 18308 multiletter control sequences out of 15000+600000
 469605 words of font info for 29 fonts, out of 8000000 for 9000
 1141 hyphenation exceptions out of 8191
 15i,1n,12p,143b,106s stack positions out of 10000i,1000n,20000p,200000b,80000s
!  ==> Fatal error occurred, no output PDF file produced!
